5 main.c:17:9: error: ‘SIGINT’ undeclared (first use in this function)
9 main.c:18:2: error: unknown type name ‘pthread_t’
12 main.c:20:2: error: expected ‘;’ before ‘pthread_create’
